#
# There is insufficient memory for the Java Runtime Environment to continue.
# Native memory allocation (malloc) failed to allocate 58576 bytes. Error detail: Chunk::new
# Possible reasons:
#   The system is out of physical RAM or swap space
#   This process is running with CompressedOops enabled, and the Java Heap may be blocking the growth of the native heap
# Possible solutions:
#   Reduce memory load on the system
#   Increase physical memory or swap space
#   Check if swap backing store is full
#   Decrease Java heap size (-Xmx/-Xms)
#   Decrease number of Java threads
#   Decrease Java thread stack sizes (-Xss)
#   Set larger code cache with -XX:ReservedCodeCacheSize=
#   JVM is running with Unscaled Compressed Oops mode in which the Java heap is
#     placed in the first 4GB address space. The Java Heap base address is the
#     maximum limit for the native heap growth. Please use -XX:HeapBaseMinAddress
#     to set the Java Heap base and to place the Java Heap above 4GB virtual address.
# This output file may be truncated or incomplete.
#
#  Out of Memory Error (arena.cpp:191), pid=16972, tid=19628
#
# JRE version:  (17.0.19+10) (build )
# Java VM: OpenJDK 64-Bit Server VM (17.0.19+10-LTS, mixed mode, tiered, compressed oops, compressed class ptrs, g1 gc, windows-amd64)
# No core dump will be written. Minidumps are not enabled by default on client versions of Windows
#

---------------  S U M M A R Y ------------

Command Line: -javaagent:C:\Users\ENVIAD~1\AppData\Local\Temp\captureAgent68636jars\debugger-agent.jar=file:///C:/Users/ENVIAD~1/AppData/Local/Temp/capture3466102855895890407.props -ea -Didea.test.cyclic.buffer.size=1048576 -javaagent:C:\Program Files\JetBrains\IntelliJ IDEA 2026.1.1\lib\idea_rt.jar=63005 -Dkotlinx.coroutines.debug.enable.creation.stack.trace=false -Ddebugger.agent.enable.coroutines=true -Dkotlinx.coroutines.debug.enable.flows.stack.trace=true -Dkotlinx.coroutines.debug.enable.mutable.state.flows.stack.trace=true -Ddebugger.async.stack.trace.for.all.threads=true -Dfile.encoding=UTF-8 com.intellij.rt.junit.JUnitStarter -ideVersion5 -junit6 meusistema.demo.DemoApplicationTests,contextLoads

Host: 12th Gen Intel(R) Core(TM) i3-1215U, 8 cores, 3G,  Windows 11 , 64 bit Build 22621 (10.0.22621.4830)
Time: Thu May 21 18:42:51 2026 Hora oficial do Brasil elapsed time: 0.103612 seconds (0d 0h 0m 0s)

---------------  T H R E A D  ---------------

Current thread (0x00000183b0a1e610):  JavaThread "main" [_thread_in_vm, id=19628, stack(0x00000010e0f00000,0x00000010e1000000)]

Stack: [0x00000010e0f00000,0x00000010e1000000]
Native frames: (J=compiled Java code, j=interpreted, Vv=VM code, C=native code)
V  [jvm.dll+0x68cc89]  (no source info available)
V  [jvm.dll+0x845d89]  (no source info available)
V  [jvm.dll+0x847af8]  (no source info available)
V  [jvm.dll+0x848183]  (no source info available)
V  [jvm.dll+0x24d0bf]  (no source info available)
V  [jvm.dll+0xaed56]  (no source info available)
V  [jvm.dll+0xaf3fc]  (no source info available)
V  [jvm.dll+0x1f6e4d]  (no source info available)
V  [jvm.dll+0x1f59b6]  (no source info available)
V  [jvm.dll+0x7bf6a3]  (no source info available)
V  [jvm.dll+0x7c0afd]  (no source info available)
V  [jvm.dll+0x7c0e38]  (no source info available)
V  [jvm.dll+0x245102]  (no source info available)
V  [jvm.dll+0x245310]  (no source info available)
V  [jvm.dll+0x5706a8]  (no source info available)
V  [jvm.dll+0x57359e]  (no source info available)
V  [jvm.dll+0x3918a2]  (no source info available)
V  [jvm.dll+0x390f3c]  (no source info available)
C  0x00000183c13da539  (no source info available)

The last pc belongs to invokestatic (printed below).
Java frames: (J=compiled Java code, j=interpreted, Vv=VM code)
j  java.lang.StringLatin1.newString([BII)Ljava/lang/String;+16 java.base
j  java.lang.String.substring(II)Ljava/lang/String;+41 java.base
j  jdk.internal.misc.VM.saveProperties(Ljava/util/Map;)V+134 java.base
j  java.lang.System.initPhase1()V+12 java.base
v  ~StubRoutines::call_stub
invokestatic  184 invokestatic  [0x00000183c13da480, 0x00000183c13da760]  736 bytes
[MachCode]
  0x00000183c13da480: 4883 ec08 | c5fa 1104 | 24eb 1f48 | 83ec 10c5 | fb11 0424 | eb14 4883 | ec10 4889 | 0424 48c7 
  0x00000183c13da4a0: 4424 0800 | 0000 00eb | 0150 4c89 | 6dc0 410f | b755 0148 | 8b4d d0c1 | e202 8b5c | d120 c1eb 
  0x00000183c13da4c0: 1081 e3ff | 0000 0081 | fbb8 0000 | 000f 84b6 | 0000 00bb | b800 0000 | e805 0000 | 00e9 9b00 
  0x00000183c13da4e0: 0000 488b | d348 8d44 | 2408 4c89 | 6dc0 498b | cfc5 f877 | 4989 afb0 | 0200 0049 | 8987 a002 
  0x00000183c13da500: 0000 4883 | ec20 f7c4 | 0f00 0000 | 0f84 1a00 | 0000 4883 | ec08 49ba | d00e 3855 | f87f 0000 
  0x00000183c13da520: 41ff d248 | 83c4 08e9 | 0d00 0000 | 49ba d00e | 3855 f87f | 0000 41ff | d248 83c4 | 2049 c787 
  0x00000183c13da540: a002 0000 | 0000 0000 | 49c7 87b0 | 0200 0000 | 0000 0049 | c787 a802 | 0000 0000 | 0000 c5f8 
  0x00000183c13da560: 7749 817f | 0800 0000 | 000f 8405 | 0000 00e9 | 8c69 feff | 4c8b 6dc0 | 4c8b 75c8 | c341 0fb7 
  0x00000183c13da580: 5501 488b | 4dd0 c1e2 | 0248 8b5c | d128 488b | 5b08 488b | 5b08 488b | 5b18 80bb | 3301 0000 
  0x00000183c13da5a0: 040f 840d | 0000 004c | 3bbb 3801 | 0000 0f85 | 1fff ffff | 488b 5cd1 | 288b 54d1 | 38c1 ea1c 
  0x00000183c13da5c0: 49ba 30e9 | ba55 f87f | 0000 498b | 14d2 5248 | 8b45 d848 | 85c0 0f84 | 1200 0000 | 4883 4008 
  0x00000183c13da5e0: 0148 8358 | 0800 4883 | c010 4889 | 45d8 488b | 45d8 4885 | c00f 8445 | 0100 0080 | 78f0 0a0f 
  0x00000183c13da600: 853b 0100 | 0048 83c0 | 084c 8b68 | f841 83ed | 0041 83fd | 020f 8c1a | 0100 004c | 8b6b 0845 
  0x00000183c13da620: 0fb7 6d2c | 4c2b 2841 | 83ed 014e | 8b6c ec08 | 4d85 ed75 | 1248 f740 | 0801 0000 | 0075 58f0 
  0x00000183c13da640: 4883 4808 | 01eb 5045 | 8b6d 0849 | c1e5 034d | 8bd5 4c33 | 6808 49f7 | c5fc ffff | ff74 3849 
  0x00000183c13da660: f7c5 0200 | 0000 752f | 4881 7808 | 0000 0000 | 7421 4881 | 7808 0100 | 0000 7417 | 4d8b ea4c 
  0x00000183c13da680: 3368 0849 | f7c5 fcff | ffff 740b | 4883 4808 | 02eb 044c | 8968 0848 | 83c0 104c | 8b68 e841 
  0x00000183c13da6a0: 83ed 0241 | 83fd 020f | 8c88 0000 | 004c 8b6b | 0845 0fb7 | 6d2c 4c2b | 2841 83ed | 014e 8b6c 
  0x00000183c13da6c0: ec08 4d85 | ed75 1248 | f740 0801 | 0000 0075 | 58f0 4883 | 4808 01eb | 5045 8b6d | 0849 c1e5 
  0x00000183c13da6e0: 034d 8bd5 | 4c33 6808 | 49f7 c5fc | ffff ff74 | 3849 f7c5 | 0200 0000 | 752f 4881 | 7808 0000 
  0x00000183c13da700: 0000 7421 | 4881 7808 | 0100 0000 | 7417 4d8b | ea4c 3368 | 0849 f7c5 | fcff ffff | 740b 4883 
  0x00000183c13da720: 4808 02eb | 044c 8968 | 0848 83c0 | 104c 8b68 | d841 83ed | 0441 c1e5 | 0349 03c5 | 4889 45d8 
  0x00000183c13da740: 4c8d 6c24 | 084c 896d | f0ff 6350 | 0f1f 4000 | 0000 0000 | 0000 0000 | 0000 0000 | 0000 0000 
[/MachCode]

---------------  P R O C E S S  ---------------

Threads class SMR info:
_java_thread_list=0x00000183ce70d080, length=3, elements={
0x00000183b0a1e610, 0x00000183ce710e40, 0x00000183ce7123e0
}

Java Threads: ( => current thread )
=>0x00000183b0a1e610 JavaThread "main" [_thread_in_vm, id=19628, stack(0x00000010e0f00000,0x00000010e1000000)]
  0x00000183ce710e40 JavaThread "Reference Handler" daemon [_thread_blocked, id=9912, stack(0x00000010e1600000,0x00000010e1700000)]
  0x00000183ce7123e0 JavaThread "Finalizer" daemon [_thread_blocked, id=6324, stack(0x00000010e1700000,0x00000010e1800000)]

Other Threads:
  0x00000183ce70a050 VMThread "VM Thread" [stack: 0x00000010e1500000,0x00000010e1600000] [id=17244]
  0x00000183b0a5b4e0 GCTaskThread "GC Thread#0" [stack: 0x00000010e1000000,0x00000010e1100000] [id=5220]
  0x00000183b0a652f0 ConcurrentGCThread "G1 Main Marker" [stack: 0x00000010e1100000,0x00000010e1200000] [id=15600]
  0x00000183b0a65c20 ConcurrentGCThread "G1 Conc#0" [stack: 0x00000010e1200000,0x00000010e1300000] [id=17348]
  0x00000183ce567a10 ConcurrentGCThread "G1 Refine#0" [stack: 0x00000010e1300000,0x00000010e1400000] [id=1952]
  0x00000183ce568360 ConcurrentGCThread "G1 Service" [stack: 0x00000010e1400000,0x00000010e1500000] [id=17872]

Threads with active compile tasks:

VM state: not at safepoint (normal execution)

VM Mutex/Monitor currently owned by a thread: None

Heap address: 0x00000000c4400000, size: 956 MB, Compressed Oops mode: 32-bit

CDS archive(s) not mapped
Compressed class space mapped at: 0x0000000100000000-0x0000000140000000, reserved size: 1073741824
Narrow klass base: 0x0000000000000000, Narrow klass shift: 3, Narrow klass range: 0x140000000

GC Precious Log:
 CPUs: 8 total, 8 available
 Memory: 3820M
 Large Page Support: Disabled
 NUMA Support: Disabled
 Compressed Oops: Enabled (32-bit)
 Heap Region Size: 1M
 Heap Min Capacity: 8M
 Heap Initial Capacity: 60M
 Heap Max Capacity: 956M
 Pre-touch: Disabled
 Parallel Workers: 8
 Concurrent Workers: 2
 Concurrent Refinement Workers: 8
 Periodic GC: Disabled

Heap:
 garbage-first heap   total 61440K, used 0K [0x00000000c4400000, 0x0000000100000000)
  region size 1024K, 1 young (1024K), 0 survivors (0K)
 Metaspace       used 1934K, committed 1984K, reserved 1114112K
  class space    used 150K, committed 192K, reserved 1048576K

Heap Regions: E=young(eden), S=young(survivor), O=old, HS=humongous(starts), HC=humongous(continues), CS=collection set, F=free, OA=open archive, CA=closed archive, TAMS=top-at-mark-start (previous, next)
|   0|0x00000000c4400000, 0x00000000c4400000, 0x00000000c4500000|  0%| F|  |TAMS 0x00000000c4400000, 0x00000000c4400000| Untracked 
|   1|0x00000000c4500000, 0x00000000c4500000, 0x00000000c4600000|  0%| F|  |TAMS 0x00000000c4500000, 0x00000000c4500000| Untracked 
|   2|0x00000000c4600000, 0x00000000c4600000, 0x00000000c4700000|  0%| F|  |TAMS 0x00000000c4600000, 0x00000000c4600000| Untracked 
|   3|0x00000000c4700000, 0x00000000c4700000, 0x00000000c4800000|  0%| F|  |TAMS 0x00000000c4700000, 0x00000000c4700000| Untracked 
|   4|0x00000000c4800000, 0x00000000c4800000, 0x00000000c4900000|  0%| F|  |TAMS 0x00000000c4800000, 0x00000000c4800000| Untracked 
|   5|0x00000000c4900000, 0x00000000c4900000, 0x00000000c4a00000|  0%| F|  |TAMS 0x00000000c4900000, 0x00000000c4900000| Untracked 
|   6|0x00000000c4a00000, 0x00000000c4a00000, 0x00000000c4b00000|  0%| F|  |TAMS 0x00000000c4a00000, 0x00000000c4a00000| Untracked 
|   7|0x00000000c4b00000, 0x00000000c4b00000, 0x00000000c4c00000|  0%| F|  |TAMS 0x00000000c4b00000, 0x00000000c4b00000| Untracked 
|   8|0x00000000c4c00000, 0x00000000c4c00000, 0x00000000c4d00000|  0%| F|  |TAMS 0x00000000c4c00000, 0x00000000c4c00000| Untracked 
|   9|0x00000000c4d00000, 0x00000000c4d00000, 0x00000000c4e00000|  0%| F|  |TAMS 0x00000000c4d00000, 0x00000000c4d00000| Untracked 
|  10|0x00000000c4e00000, 0x00000000c4e00000, 0x00000000c4f00000|  0%| F|  |TAMS 0x00000000c4e00000, 0x00000000c4e00000| Untracked 
|  11|0x00000000c4f00000, 0x00000000c4f00000, 0x00000000c5000000|  0%| F|  |TAMS 0x00000000c4f00000, 0x00000000c4f00000| Untracked 
|  12|0x00000000c5000000, 0x00000000c5000000, 0x00000000c5100000|  0%| F|  |TAMS 0x00000000c5000000, 0x00000000c5000000| Untracked 
|  13|0x00000000c5100000, 0x00000000c5100000, 0x00000000c5200000|  0%| F|  |TAMS 0x00000000c5100000, 0x00000000c5100000| Untracked 
|  14|0x00000000c5200000, 0x00000000c5200000, 0x00000000c5300000|  0%| F|  |TAMS 0x00000000c5200000, 0x00000000c5200000| Untracked 
|  15|0x00000000c5300000, 0x00000000c5300000, 0x00000000c5400000|  0%| F|  |TAMS 0x00000000c5300000, 0x00000000c5300000| Untracked 
|  16|0x00000000c5400000, 0x00000000c5400000, 0x00000000c5500000|  0%| F|  |TAMS 0x00000000c5400000, 0x00000000c5400000| Untracked 
|  17|0x00000000c5500000, 0x00000000c5500000, 0x00000000c5600000|  0%| F|  |TAMS 0x00000000c5500000, 0x00000000c5500000| Untracked 
|  18|0x00000000c5600000, 0x00000000c5600000, 0x00000000c5700000|  0%| F|  |TAMS 0x00000000c5600000, 0x00000000c5600000| Untracked 
|  19|0x00000000c5700000, 0x00000000c5700000, 0x00000000c5800000|  0%| F|  |TAMS 0x00000000c5700000, 0x00000000c5700000| Untracked 
|  20|0x00000000c5800000, 0x00000000c5800000, 0x00000000c5900000|  0%| F|  |TAMS 0x00000000c5800000, 0x00000000c5800000| Untracked 
|  21|0x00000000c5900000, 0x00000000c5900000, 0x00000000c5a00000|  0%| F|  |TAMS 0x00000000c5900000, 0x00000000c5900000| Untracked 
|  22|0x00000000c5a00000, 0x00000000c5a00000, 0x00000000c5b00000|  0%| F|  |TAMS 0x00000000c5a00000, 0x00000000c5a00000| Untracked 
|  23|0x00000000c5b00000, 0x00000000c5b00000, 0x00000000c5c00000|  0%| F|  |TAMS 0x00000000c5b00000, 0x00000000c5b00000| Untracked 
|  24|0x00000000c5c00000, 0x00000000c5c00000, 0x00000000c5d00000|  0%| F|  |TAMS 0x00000000c5c00000, 0x00000000c5c00000| Untracked 
|  25|0x00000000c5d00000, 0x00000000c5d00000, 0x00000000c5e00000|  0%| F|  |TAMS 0x00000000c5d00000, 0x00000000c5d00000| Untracked 
|  26|0x00000000c5e00000, 0x00000000c5e00000, 0x00000000c5f00000|  0%| F|  |TAMS 0x00000000c5e00000, 0x00000000c5e00000| Untracked 
|  27|0x00000000c5f00000, 0x00000000c5f00000, 0x00000000c6000000|  0%| F|  |TAMS 0x00000000c5f00000, 0x00000000c5f00000| Untracked 
|  28|0x00000000c6000000, 0x00000000c6000000, 0x00000000c6100000|  0%| F|  |TAMS 0x00000000c6000000, 0x00000000c6000000| Untracked 
|  29|0x00000000c6100000, 0x00000000c6100000, 0x00000000c6200000|  0%| F|  |TAMS 0x00000000c6100000, 0x00000000c6100000| Untracked 
|  30|0x00000000c6200000, 0x00000000c6200000, 0x00000000c6300000|  0%| F|  |TAMS 0x00000000c6200000, 0x00000000c6200000| Untracked 
|  31|0x00000000c6300000, 0x00000000c6300000, 0x00000000c6400000|  0%| F|  |TAMS 0x00000000c6300000, 0x00000000c6300000| Untracked 
|  32|0x00000000c6400000, 0x00000000c6400000, 0x00000000c6500000|  0%| F|  |TAMS 0x00000000c6400000, 0x00000000c6400000| Untracked 
|  33|0x00000000c6500000, 0x00000000c6500000, 0x00000000c6600000|  0%| F|  |TAMS 0x00000000c6500000, 0x00000000c6500000| Untracked 
|  34|0x00000000c6600000, 0x00000000c6600000, 0x00000000c6700000|  0%| F|  |TAMS 0x00000000c6600000, 0x00000000c6600000| Untracked 
|  35|0x00000000c6700000, 0x00000000c6700000, 0x00000000c6800000|  0%| F|  |TAMS 0x00000000c6700000, 0x00000000c6700000| Untracked 
|  36|0x00000000c6800000, 0x00000000c6800000, 0x00000000c6900000|  0%| F|  |TAMS 0x00000000c6800000, 0x00000000c6800000| Untracked 
|  37|0x00000000c6900000, 0x00000000c6900000, 0x00000000c6a00000|  0%| F|  |TAMS 0x00000000c6900000, 0x00000000c6900000| Untracked 
|  38|0x00000000c6a00000, 0x00000000c6a00000, 0x00000000c6b00000|  0%| F|  |TAMS 0x00000000c6a00000, 0x00000000c6a00000| Untracked 
|  39|0x00000000c6b00000, 0x00000000c6b00000, 0x00000000c6c00000|  0%| F|  |TAMS 0x00000000c6b00000, 0x00000000c6b00000| Untracked 
|  40|0x00000000c6c00000, 0x00000000c6c00000, 0x00000000c6d00000|  0%| F|  |TAMS 0x00000000c6c00000, 0x00000000c6c00000| Untracked 
|  41|0x00000000c6d00000, 0x00000000c6d00000, 0x00000000c6e00000|  0%| F|  |TAMS 0x00000000c6d00000, 0x00000000c6d00000| Untracked 
|  42|0x00000000c6e00000, 0x00000000c6e00000, 0x00000000c6f00000|  0%| F|  |TAMS 0x00000000c6e00000, 0x00000000c6e00000| Untracked 
|  43|0x00000000c6f00000, 0x00000000c6f00000, 0x00000000c7000000|  0%| F|  |TAMS 0x00000000c6f00000, 0x00000000c6f00000| Untracked 
|  44|0x00000000c7000000, 0x00000000c7000000, 0x00000000c7100000|  0%| F|  |TAMS 0x00000000c7000000, 0x00000000c7000000| Untracked 
|  45|0x00000000c7100000, 0x00000000c7100000, 0x00000000c7200000|  0%| F|  |TAMS 0x00000000c7100000, 0x00000000c7100000| Untracked 
|  46|0x00000000c7200000, 0x00000000c7200000, 0x00000000c7300000|  0%| F|  |TAMS 0x00000000c7200000, 0x00000000c7200000| Untracked 
|  47|0x00000000c7300000, 0x00000000c7300000, 0x00000000c7400000|  0%| F|  |TAMS 0x00000000c7300000, 0x00000000c7300000| Untracked 
|  48|0x00000000c7400000, 0x00000000c7400000, 0x00000000c7500000|  0%| F|  |TAMS 0x00000000c7400000, 0x00000000c7400000| Untracked 
|  49|0x00000000c7500000, 0x00000000c7500000, 0x00000000c7600000|  0%| F|  |TAMS 0x00000000c7500000, 0x00000000c7500000| Untracked 
|  50|0x00000000c7600000, 0x00000000c7600000, 0x00000000c7700000|  0%| F|  |TAMS 0x00000000c7600000, 0x00000000c7600000| Untracked 
|  51|0x00000000c7700000, 0x00000000c7700000, 0x00000000c7800000|  0%| F|  |TAMS 0x00000000c7700000, 0x00000000c7700000| Untracked 
|  52|0x00000000c7800000, 0x00000000c7800000, 0x00000000c7900000|  0%| F|  |TAMS 0x00000000c7800000, 0x00000000c7800000| Untracked 
|  53|0x00000000c7900000, 0x00000000c7900000, 0x00000000c7a00000|  0%| F|  |TAMS 0x00000000c7900000, 0x00000000c7900000| Untracked 
|  54|0x00000000c7a00000, 0x00000000c7a00000, 0x00000000c7b00000|  0%| F|  |TAMS 0x00000000c7a00000, 0x00000000c7a00000| Untracked 
|  55|0x00000000c7b00000, 0x00000000c7b00000, 0x00000000c7c00000|  0%| F|  |TAMS 0x00000000c7b00000, 0x00000000c7b00000| Untracked 
|  56|0x00000000c7c00000, 0x00000000c7c00000, 0x00000000c7d00000|  0%| F|  |TAMS 0x00000000c7c00000, 0x00000000c7c00000| Untracked 
|  57|0x00000000c7d00000, 0x00000000c7d00000, 0x00000000c7e00000|  0%| F|  |TAMS 0x00000000c7d00000, 0x00000000c7d00000| Untracked 
|  58|0x00000000c7e00000, 0x00000000c7e00000, 0x00000000c7f00000|  0%| F|  |TAMS 0x00000000c7e00000, 0x00000000c7e00000| Untracked 
|  59|0x00000000c7f00000, 0x00000000c7feb988, 0x00000000c8000000| 92%| E|  |TAMS 0x00000000c7f00000, 0x00000000c7f00000| Complete 

Card table byte_map: [0x00000183c9ae0000,0x00000183c9cc0000] _byte_map_base: 0x00000183c94be000

Marking Bits (Prev, Next): (CMBitMap*) 0x00000183b0a5ba20, (CMBitMap*) 0x00000183b0a5ba60
 Prev Bits: [0x00000183c9ea0000, 0x00000183cad90000)
 Next Bits: [0x00000183cad90000, 0x00000183cbc80000)

Polling page: 0x00000183b0ac0000

Metaspace:

Usage:
  Non-class:      1.74 MB used.
      Class:    150.25 KB used.
       Both:      1.89 MB used.

Virtual space:
  Non-class space:       64.00 MB reserved,       1.75 MB (  3%) committed,  1 nodes.
      Class space:        1.00 GB reserved,     192.00 KB ( <1%) committed,  1 nodes.
             Both:        1.06 GB reserved,       1.94 MB ( <1%) committed. 

Chunk freelists:
   Non-Class:  12.00 MB
       Class:  15.75 MB
        Both:  27.75 MB

MaxMetaspaceSize: unlimited
CompressedClassSpaceSize: 1.00 GB
Initial GC threshold: 21.00 MB
Current GC threshold: 17179869184.00 GB
CDS: off
MetaspaceReclaimPolicy: balanced
 - commit_granule_bytes: 65536.
 - commit_granule_words: 8192.
 - virtual_space_node_default_size: 8388608.
 - enlarge_chunks_in_place: 1.
 - new_chunks_are_fully_committed: 0.
 - uncommit_free_chunks: 1.
 - use_allocation_guard: 0.
 - handle_deallocations: 1.


Internal statistics:

num_allocs_failed_limit: 0.
num_arena_births: 2.
num_arena_deaths: 0.
num_vsnodes_births: 2.
num_vsnodes_deaths: 0.
num_space_committed: 31.
num_space_uncommitted: 0.
num_chunks_returned_to_freelist: 0.
num_chunks_taken_from_freelist: 3.
num_chunk_merges: 0.
num_chunk_splits: 2.
num_chunks_enlarged: 0.
num_inconsistent_stats: 0.

CodeHeap 'non-profiled nmethods': size=120000Kb used=0Kb max_used=0Kb free=120000Kb
 bounds [0x00000183c1960000, 0x00000183c1bd0000, 0x00000183c8e90000]
CodeHeap 'profiled nmethods': size=120000Kb used=0Kb max_used=0Kb free=120000Kb
 bounds [0x00000183b9e90000, 0x00000183ba100000, 0x00000183c13c0000]
CodeHeap 'non-nmethods': size=5760Kb used=369Kb max_used=369Kb free=5390Kb
 bounds [0x00000183c13c0000, 0x00000183c1630000, 0x00000183c1960000]
 total_blobs=158 nmethods=0 adapters=131
 compilation: enabled
              stopped_count=0, restarted_count=0
 full_count=0

Compilation events (0 events):
No events

GC Heap History (0 events):
No events

Dll operation events (3 events):
Event: 0.035 Loaded shared library C:\Users\ENVIA DAKI\.jdks\ms-17.0.19\bin\java.dll
Event: 0.036 Loaded shared library C:\Users\ENVIA DAKI\.jdks\ms-17.0.19\bin\zip.dll
Event: 0.077 Loaded shared library C:\Users\ENVIA DAKI\.jdks\ms-17.0.19\bin\jsvml.dll

Deoptimization events (0 events):
No events

Classes loaded (20 events):
Event: 0.091 Loading class jdk/internal/access/JavaLangRefAccess
Event: 0.091 Loading class jdk/internal/access/JavaLangRefAccess done
Event: 0.091 Loading class java/lang/ref/Reference$1 done
Event: 0.091 Loading class java/lang/ref/Finalizer$FinalizerThread
Event: 0.091 Loading class java/lang/ref/Finalizer$FinalizerThread done
Event: 0.091 Loading class java/lang/System$2
Event: 0.091 Loading class jdk/internal/misc/VM
Event: 0.091 Loading class jdk/internal/access/JavaLangAccess
Event: 0.092 Loading class jdk/internal/misc/VM done
Event: 0.092 Loading class jdk/internal/access/JavaLangAccess done
Event: 0.092 Loading class java/lang/System$2 done
Event: 0.092 Loading class jdk/internal/util/SystemProps
Event: 0.092 Loading class jdk/internal/util/SystemProps done
Event: 0.092 Loading class jdk/internal/util/SystemProps$Raw
Event: 0.092 Loading class jdk/internal/util/SystemProps$Raw done
Event: 0.100 Loading class java/lang/StringConcatHelper
Event: 0.100 Loading class java/lang/StringConcatHelper done
Event: 0.101 Loading class java/lang/VersionProps
Event: 0.101 Loading class java/lang/VersionProps done
Event: 0.101 Loading class java/util/Arrays

Classes unloaded (0 events):
No events

Classes redefined (0 events):
No events

Internal exceptions (0 events):
No events

VM Operations (0 events):
No events

Memory protections (0 events):
No events

Nmethod flushes (0 events):
No events

Events (3 events):
Event: 0.077 Thread 0x00000183b0a1e610 Thread added: 0x00000183b0a1e610
Event: 0.091 Thread 0x00000183b0a1e610 Thread added: 0x00000183ce710e40
Event: 0.091 Thread 0x00000183b0a1e610 Thread added: 0x00000183ce7123e0


Dynamic libraries:
0x00007ff79be30000 - 0x00007ff79be3e000 	C:\Users\ENVIA DAKI\.jdks\ms-17.0.19\bin\java.exe
0x00007ff905f90000 - 0x00007ff9061a7000 	C:\Windows\SYSTEM32\ntdll.dll
0x00007ff904590000 - 0x00007ff904654000 	C:\Windows\System32\KERNEL32.DLL
0x00007ff9034a0000 - 0x00007ff903870000 	C:\Windows\System32\KERNELBASE.dll
0x00007ff9039c0000 - 0x00007ff903ad1000 	C:\Windows\System32\ucrtbase.dll
0x00007ff8d9eb0000 - 0x00007ff8d9ece000 	C:\Users\ENVIA DAKI\.jdks\ms-17.0.19\bin\VCRUNTIME140.dll
0x00007ff8f2ef0000 - 0x00007ff8f2f08000 	C:\Users\ENVIA DAKI\.jdks\ms-17.0.19\bin\jli.dll
0x00007ff904240000 - 0x00007ff9043ee000 	C:\Windows\System32\USER32.dll
0x00007ff903990000 - 0x00007ff9039b6000 	C:\Windows\System32\win32u.dll
0x00007ff904670000 - 0x00007ff904699000 	C:\Windows\System32\GDI32.dll
0x00007ff903ae0000 - 0x00007ff903bfb000 	C:\Windows\System32\gdi32full.dll
0x00007ff9038f0000 - 0x00007ff90398a000 	C:\Windows\System32\msvcp_win.dll
0x00007ff8efde0000 - 0x00007ff8f0072000 	C:\Windows\WinSxS\amd64_microsoft.windows.common-controls_6595b64144ccf1df_6.0.22621.4830_none_270fe7d773858e80\COMCTL32.dll
0x00007ff905ea0000 - 0x00007ff905f47000 	C:\Windows\System32\msvcrt.dll
0x00007ff9046e0000 - 0x00007ff904711000 	C:\Windows\System32\IMM32.DLL
0x00007ff8fc610000 - 0x00007ff8fc61c000 	C:\Users\ENVIA DAKI\.jdks\ms-17.0.19\bin\vcruntime140_1.dll
0x00007ff8b9e90000 - 0x00007ff8b9f19000 	C:\Users\ENVIA DAKI\.jdks\ms-17.0.19\bin\msvcp140.dll
0x00007ff854ff0000 - 0x00007ff855c6b000 	C:\Users\ENVIA DAKI\.jdks\ms-17.0.19\bin\server\jvm.dll
0x00007ff904830000 - 0x00007ff9048e1000 	C:\Windows\System32\ADVAPI32.dll
0x00007ff9044e0000 - 0x00007ff904587000 	C:\Windows\System32\sechost.dll
0x00007ff903240000 - 0x00007ff903268000 	C:\Windows\System32\bcrypt.dll
0x00007ff905170000 - 0x00007ff905284000 	C:\Windows\System32\RPCRT4.dll
0x00007ff903de0000 - 0x00007ff903e51000 	C:\Windows\System32\WS2_32.dll
0x00007ff903110000 - 0x00007ff90315d000 	C:\Windows\SYSTEM32\POWRPROF.dll
0x00007ff8f03e0000 - 0x00007ff8f03ea000 	C:\Windows\SYSTEM32\VERSION.dll
0x00007ff8f9050000 - 0x00007ff8f9084000 	C:\Windows\SYSTEM32\WINMM.dll
0x00007ff9030f0000 - 0x00007ff903103000 	C:\Windows\SYSTEM32\UMPDC.dll
0x00007ff902220000 - 0x00007ff902238000 	C:\Windows\SYSTEM32\kernel.appcore.dll
0x00007ff8d9ea0000 - 0x00007ff8d9eaa000 	C:\Users\ENVIA DAKI\.jdks\ms-17.0.19\bin\jimage.dll
0x00007ff900d30000 - 0x00007ff900f62000 	C:\Windows\SYSTEM32\DBGHELP.DLL
0x00007ff9053a0000 - 0x00007ff905730000 	C:\Windows\System32\combase.dll
0x00007ff905730000 - 0x00007ff905807000 	C:\Windows\System32\OLEAUT32.dll
0x00007ff8e5c90000 - 0x00007ff8e5cc2000 	C:\Windows\SYSTEM32\dbgcore.DLL
0x00007ff903870000 - 0x00007ff9038eb000 	C:\Windows\System32\bcryptPrimitives.dll
0x00007ff8c2430000 - 0x00007ff8c243f000 	C:\Users\ENVIA DAKI\.jdks\ms-17.0.19\bin\instrument.dll
0x00007ff8ce5d0000 - 0x00007ff8ce5f6000 	C:\Users\ENVIA DAKI\.jdks\ms-17.0.19\bin\java.dll
0x00007ff8c3e20000 - 0x00007ff8c3e38000 	C:\Users\ENVIA DAKI\.jdks\ms-17.0.19\bin\zip.dll
0x00007ff887110000 - 0x00007ff8871e6000 	C:\Users\ENVIA DAKI\.jdks\ms-17.0.19\bin\jsvml.dll
0x00007ff9048f0000 - 0x00007ff905168000 	C:\Windows\System32\SHELL32.dll
0x00007ff901190000 - 0x00007ff901aa0000 	C:\Windows\SYSTEM32\windows.storage.dll
0x00007ff901050000 - 0x00007ff90118f000 	C:\Windows\SYSTEM32\wintypes.dll
0x00007ff905290000 - 0x00007ff90539a000 	C:\Windows\System32\SHCORE.dll
0x00007ff905e40000 - 0x00007ff905e9e000 	C:\Windows\System32\shlwapi.dll
0x00007ff903170000 - 0x00007ff90319b000 	C:\Windows\SYSTEM32\profapi.dll

dbghelp: loaded successfully - version: 4.0.5 - missing functions: none
symbol engine: initialized successfully - sym options: 0x614 - pdb path: .;C:\Users\ENVIA DAKI\.jdks\ms-17.0.19\bin;C:\Windows\SYSTEM32;C:\Windows\WinSxS\amd64_microsoft.windows.common-controls_6595b64144ccf1df_6.0.22621.4830_none_270fe7d773858e80;C:\Users\ENVIA DAKI\.jdks\ms-17.0.19\bin\server

VM Arguments:
jvm_args: -javaagent:C:\Users\ENVIAD~1\AppData\Local\Temp\captureAgent68636jars\debugger-agent.jar=file:///C:/Users/ENVIAD~1/AppData/Local/Temp/capture3466102855895890407.props -ea -Didea.test.cyclic.buffer.size=1048576 -javaagent:C:\Program Files\JetBrains\IntelliJ IDEA 2026.1.1\lib\idea_rt.jar=63005 -Dkotlinx.coroutines.debug.enable.creation.stack.trace=false -Ddebugger.agent.enable.coroutines=true -Dkotlinx.coroutines.debug.enable.flows.stack.trace=true -Dkotlinx.coroutines.debug.enable.mutable.state.flows.stack.trace=true -Ddebugger.async.stack.trace.for.all.threads=true -Dfile.encoding=UTF-8 
java_command: com.intellij.rt.junit.JUnitStarter -ideVersion5 -junit6 meusistema.demo.DemoApplicationTests,contextLoads
java_class_path (initial): C:\Users\ENVIA DAKI\.m2\repository\org\junit\platform\junit-platform-launcher\6.0.3\junit-platform-launcher-6.0.3.jar;C:\Program Files\JetBrains\IntelliJ IDEA 2026.1.1\lib\idea_rt.jar;C:\Program Files\JetBrains\IntelliJ IDEA 2026.1.1\plugins\junit\lib\junit6-rt.jar;C:\Program Files\JetBrains\IntelliJ IDEA 2026.1.1\plugins\junit\lib\junit5-rt.jar;C:\Program Files\JetBrains\IntelliJ IDEA 2026.1.1\plugins\junit\lib\junit-rt.jar;C:\Users\ENVIA DAKI\Downloads\demo (1)\demo\target\test-classes;C:\Users\ENVIA DAKI\Downloads\demo (1)\demo\target\classes;C:\Users\ENVIA DAKI\.m2\repository\org\springframework\boot\spring-boot-starter-web\4.0.6\spring-boot-starter-web-4.0.6.jar;C:\Users\ENVIA DAKI\.m2\repository\org\springframework\boot\spring-boot-starter-jackson\4.0.6\spring-boot-starter-jackson-4.0.6.jar;C:\Users\ENVIA DAKI\.m2\repository\org\springframework\boot\spring-boot-jackson\4.0.6\spring-boot-jackson-4.0.6.jar;C:\Users\ENVIA DAKI\.m2\repository\tools\jackson\core\jackson-databind\3.1.2\jackson-databind-3.1.2.jar;C:\Users\ENVIA DAKI\.m2\repository\com\fasterxml\jackson\core\jackson-annotations\2.21\jackson-annotations-2.21.jar;C:\Users\ENVIA DAKI\.m2\repository\tools\jackson\core\jackson-core\3.1.2\jackson-core-3.1.2.jar;C:\Users\ENVIA DAKI\.m2\repository\org\springframework\boot\spring-boot-starter-tomcat\4.0.6\spring-boot-starter-tomcat-4.0.6.jar;C:\Users\ENVIA DAKI\.m2\repository\org\springframework\boot\spring-boot-starter-tomcat-runtime\4.0.6\spring-boot-starter-tomcat-runtime-4.0.6.jar;C:\Users\ENVIA DAKI\.m2\repository\org\springframework\boot\spring-boot-web-server\4.0.6\spring-boot-web-server-4.0.6.jar;C:\Users\ENVIA DAKI\.m2\repository\org\apache\tomcat\embed\tomcat-embed-core\11.0.21\tomcat-embed-core-11.0.21.jar;C:\Users\ENVIA DAKI\.m2\repository\org\apache\tomcat\embed\tomcat-embed-el\11.0.21\tomcat-embed-el-11.0.21.jar;C:\Users\ENVIA DAKI\.m2\repository\org\apache\tomcat\embed\tomcat-embed-websocket\11.0.21\tomcat-embed-webs
Launcher Type: SUN_STANDARD

[Global flags]
     intx CICompilerCount                          = 4                                         {product} {ergonomic}
     uint ConcGCThreads                            = 2                                         {product} {ergonomic}
     uint G1ConcRefinementThreads                  = 8                                         {product} {ergonomic}
   size_t G1HeapRegionSize                         = 1048576                                   {product} {ergonomic}
    uintx GCDrainStackTargetSize                   = 64                                        {product} {ergonomic}
   size_t InitialHeapSize                          = 62914560                                  {product} {ergonomic}
   size_t MarkStackSize                            = 4194304                                   {product} {ergonomic}
   size_t MaxHeapSize                              = 1002438656                                {product} {ergonomic}
   size_t MaxNewSize                               = 600834048                                 {product} {ergonomic}
   size_t MinHeapDeltaBytes                        = 1048576                                   {product} {ergonomic}
   size_t MinHeapSize                              = 8388608                                   {product} {ergonomic}
    uintx NonNMethodCodeHeapSize                   = 5839372                                {pd product} {ergonomic}
    uintx NonProfiledCodeHeapSize                  = 122909434                              {pd product} {ergonomic}
    uintx ProfiledCodeHeapSize                     = 122909434                              {pd product} {ergonomic}
    uintx ReservedCodeCacheSize                    = 251658240                              {pd product} {ergonomic}
     bool SegmentedCodeCache                       = true                                      {product} {ergonomic}
   size_t SoftMaxHeapSize                          = 1002438656                             {manageable} {ergonomic}
     bool UseCompressedClassPointers               = true                           {product lp64_product} {ergonomic}
     bool UseCompressedOops                        = true                           {product lp64_product} {ergonomic}
     bool UseG1GC                                  = true                                      {product} {ergonomic}
     bool UseLargePagesIndividualAllocation        = false                                  {pd product} {ergonomic}

Logging:
Log output configuration:
 #0: stdout all=warning uptime,level,tags
 #1: stderr all=off uptime,level,tags

Environment Variables:
PATH=C:\Program Files (x86)\Common Files\Oracle\Java\java8path;C:\Program Files (x86)\Common Files\Oracle\Java\javapath;C:\Python314\Scripts\;C:\Python314\;C:\Windows\system32;C:\Windows;C:\Windows\System32\Wbem;C:\Windows\System32\WindowsPowerShell\v1.0\;C:\Windows\System32\OpenSSH\;C:\Program Files\nodejs\;C:\ProgramData\chocolatey\bin;C:\Program Files\MySQL\MySQL Shell 8.0\bin\;C:\Users\ENVIA DAKI\AppData\Local\Microsoft\WindowsApps;C:\Users\ENVIA DAKI\AppData\Local\Programs\Microsoft VS Code\bin;C:\Users\ENVIA DAKI\AppData\Roaming\npm
USERNAME=ENVIA DAKI
OS=Windows_NT
PROCESSOR_IDENTIFIER=Intel64 Family 6 Model 154 Stepping 4, GenuineIntel
TMP=C:\Users\ENVIAD~1\AppData\Local\Temp
TEMP=C:\Users\ENVIAD~1\AppData\Local\Temp



Periodic native trim disabled


---------------  S Y S T E M  ---------------

OS:
 Windows 11 , 64 bit Build 22621 (10.0.22621.4830)
OS uptime: 1 days 3:33 hours

CPU: total 8 (initial active 8) (4 cores per cpu, 2 threads per core) family 6 model 154 stepping 4 microcode 0x424, cx8, cmov, fxsr, ht, mmx, 3dnowpref, sse, sse2, sse3, ssse3, sse4.1, sse4.2, popcnt, lzcnt, tsc, tscinvbit, avx, avx2, aes, erms, clmul, bmi1, bmi2, adx, sha, fma, vzeroupper, clflush, clflushopt, clwb
Processor Information for processor 0
  Max Mhz: 1200, Current Mhz: 1200, Mhz Limit: 1200
Processor Information for processor 1
  Max Mhz: 1200, Current Mhz: 1200, Mhz Limit: 1200
Processor Information for processor 2
  Max Mhz: 1200, Current Mhz: 1200, Mhz Limit: 1200
Processor Information for processor 3
  Max Mhz: 1200, Current Mhz: 1200, Mhz Limit: 1200
Processor Information for processor 4
  Max Mhz: 900, Current Mhz: 900, Mhz Limit: 900
Processor Information for processor 5
  Max Mhz: 900, Current Mhz: 900, Mhz Limit: 900
Processor Information for processor 6
  Max Mhz: 900, Current Mhz: 900, Mhz Limit: 900
Processor Information for processor 7
  Max Mhz: 900, Current Mhz: 900, Mhz Limit: 900

Memory: 4k page, system-wide physical 3820M (107M free)
TotalPageFile size 15596M (AvailPageFile size 1M)
current process WorkingSet (physical memory assigned to process): 20M, peak: 20M
current process commit charge ("private bytes"): 127M, peak: 127M

vm_info: OpenJDK 64-Bit Server VM (17.0.19+10-LTS) for windows-amd64 JRE (17.0.19+10-LTS), built on Apr 18 2026 18:24:40 by "MicrosoftCorporation" with MS VC++ 17.14 (VS2022)

END.
